<?xml version="1.0" encoding="UTF-8"?>
<!-- Generated by org.testng.reporters.JUnitReportReporter -->
<testsuite hostname="Ismail-PC" name="com.GitMaven.GitTest.Test2" tests="2" failures="0" timestamp="13 Dec 2017 13:55:52 GMT" time="0.011" errors="0">
  <testcase name="Test12" time="0.006" classname="com.GitMaven.GitTest.Test2"/>
  <testcase name="Test1" time="0.005" classname="com.GitMaven.GitTest.Test2"/>
</testsuite> <!-- com.GitMaven.GitTest.Test2 -->
