<?xml version="1.0" encoding="UTF-8"?>
<!-- Generated by org.testng.reporters.JUnitReportReporter -->
<testsuite hostname="Ismail-PC" name="com.GitMaven.GitTest.SomeTests" tests="2" failures="0" timestamp="13 Dec 2017 13:55:52 GMT" time="0.035" errors="0">
  <testcase name="Test1" time="0.025" classname="com.GitMaven.GitTest.SomeTests"/>
  <testcase name="Test2" time="0.010" classname="com.GitMaven.GitTest.SomeTests"/>
</testsuite> <!-- com.GitMaven.GitTest.SomeTests -->
