<?xml version="1.0" encoding="UTF-8"?>
<!-- Generated by org.testng.reporters.JUnitReportReporter -->
<testsuite hostname="Ismail-PC" name="com.GitMaven.GitTest.TestTestNG" tests="4" failures="0" timestamp="13 Dec 2017 13:55:52 GMT" time="0.042" errors="0">
  <testcase name="Test1" time="0.019" classname="com.GitMaven.GitTest.TestTestNG"/>
  <testcase name="Test3" time="0.005" classname="com.GitMaven.GitTest.TestTestNG"/>
  <testcase name="Test2" time="0.014" classname="com.GitMaven.GitTest.TestTestNG"/>
  <testcase name="Yahoo" time="0.004" classname="com.GitMaven.GitTest.TestTestNG"/>
</testsuite> <!-- com.GitMaven.GitTest.TestTestNG -->
