<?xml version="1.0" encoding="UTF-8"?>
<!-- Generated by org.testng.reporters.JUnitReportReporter -->
<testsuite hostname="Ismail-PC" name="com.GitMaven.GitTest.TestTestNG" tests="2" failures="0" timestamp="13 Dec 2017 01:52:11 GMT" time="0.036" errors="0">
  <testcase name="Test2" time="0.004" classname="com.GitMaven.GitTest.TestTestNG"/>
  <testcase name="Test1" time="0.032" classname="com.GitMaven.GitTest.TestTestNG"/>
</testsuite> <!-- com.GitMaven.GitTest.TestTestNG -->
